<?xml version='1.0'?>
<ns2:test-suite xmlns:ns2='urn:model.allure.qatools.yandex.ru' start='1665695791982' stop='1665695792008'>
    <name>Performing Navigations on volvo campaign: Display cookie policy popup</name>
    <title>Performing Navigations on volvo campaign: Display cookie policy popup</title>
    <test-cases>
        <test-case start='1665695791984' status='passed' stop='1665695791992'>
            <name></name>
            <title></title>
            <labels>
                <label name='language' value='javascript'/>
                <label name='framework' value='wdio'/>
                <label name='thread' value='0-0'/>
            </labels>
            <parameters>
                <parameter kind='argument' name='browser' value='chrome-106.0.5249.119'/>
            </parameters>
            <steps/>
            <attachments/>
        </test-case>
        <test-case start='1665695791992' status='broken' stop='1665695791995'>
            <name>Given I open the Campaign page</name>
            <title>Given I open the Campaign page</title>
            <labels>
                <label name='language' value='javascript'/>
                <label name='framework' value='wdio'/>
                <label name='thread' value='0-0'/>
            </labels>
            <parameters>
                <parameter kind='argument' name='browser' value='chrome-106.0.5249.119'/>
            </parameters>
            <steps/>
            <attachments/>
            <failure>
                <message>Step "I open the Campaign page" is not defined. You can ignore this error by setting cucumberOpts.ignoreUndefinedDefinitions as true.</message>
                <stack-trace>Step "I open the Campaign page" is not defined. You can ignore this error by setting cucumberOpts.ignoreUndefinedDefinitions as true.
                	at Feature(/Users/s7988c/Desktop/temp/features/campaign.functional.feature):1:1
                	at Scenario(Display cookie policy popup):9:1
                </stack-trace>
            </failure>
        </test-case>
        <test-case start='1665695791995' status='failed' stop='1665695791996'>
            <name>Then I expect cookie popup is displayed</name>
            <title>Then I expect cookie popup is displayed</title>
            <labels>
                <label name='language' value='javascript'/>
                <label name='framework' value='wdio'/>
                <label name='thread' value='0-0'/>
            </labels>
            <parameters>
                <parameter kind='argument' name='browser' value='chrome-106.0.5249.119'/>
            </parameters>
            <steps/>
            <attachments/>
            <failure>
                <message>Step "I expect cookie popup is displayed" is not defined. You can ignore this error by setting cucumberOpts.ignoreUndefinedDefinitions as true.</message>
                <stack-trace>Step "I expect cookie popup is displayed" is not defined. You can ignore this error by setting cucumberOpts.ignoreUndefinedDefinitions as true.
                	at Feature(/Users/s7988c/Desktop/temp/features/campaign.functional.feature):1:1
                	at Scenario(Display cookie policy popup):9:1
                	at Step(I expect cookie popup is displayed):10:5
                </stack-trace>
            </failure>
        </test-case>
        <test-case start='1665695791996' status='passed' stop='1665695792002'>
            <name></name>
            <title></title>
            <labels>
                <label name='language' value='javascript'/>
                <label name='framework' value='wdio'/>
                <label name='thread' value='0-0'/>
            </labels>
            <parameters>
                <parameter kind='argument' name='browser' value='chrome-106.0.5249.119'/>
            </parameters>
            <steps/>
            <attachments/>
        </test-case>
    </test-cases>
</ns2:test-suite>