<?xml version='1.0'?>
<ns2:test-suite xmlns:ns2='urn:model.allure.qatools.yandex.ru' start='1665695792095' stop='1665695792115'>
    <name>Performing Navigations on volvo campaign: Accept cookies</name>
    <title>Performing Navigations on volvo campaign: Accept cookies</title>
    <test-cases>
        <test-case start='1665695792095' status='passed' stop='1665695792096'>
            <name></name>
            <title></title>
            <labels>
                <label name='language' value='javascript'/>
                <label name='framework' value='wdio'/>
                <label name='thread' value='0-0'/>
            </labels>
            <parameters>
                <parameter kind='argument' name='browser' value='chrome-106.0.5249.119'/>
            </parameters>
            <steps/>
            <attachments/>
        </test-case>
        <test-case start='1665695792096' status='broken' stop='1665695792096'>
            <name>Given I open the Campaign page</name>
            <title>Given I open the Campaign page</title>
            <labels>
                <label name='language' value='javascript'/>
                <label name='framework' value='wdio'/>
                <label name='thread' value='0-0'/>
            </labels>
            <parameters>
                <parameter kind='argument' name='browser' value='chrome-106.0.5249.119'/>
            </parameters>
            <steps/>
            <attachments/>
            <failure>
                <message>Step "I open the Campaign page" is not defined. You can ignore this error by setting cucumberOpts.ignoreUndefinedDefinitions as true.</message>
                <stack-trace>Step "I open the Campaign page" is not defined. You can ignore this error by setting cucumberOpts.ignoreUndefinedDefinitions as true.
                	at Feature(/Users/s7988c/Desktop/temp/features/campaign.functional.feature):1:1
                	at Scenario(Accept cookies):12:1
                </stack-trace>
            </failure>
        </test-case>
        <test-case start='1665695792105' status='broken' stop='1665695792109'>
            <name>When I click accept button</name>
            <title>When I click accept button</title>
            <labels>
                <label name='language' value='javascript'/>
                <label name='framework' value='wdio'/>
                <label name='thread' value='0-0'/>
            </labels>
            <parameters>
                <parameter kind='argument' name='browser' value='chrome-106.0.5249.119'/>
            </parameters>
            <steps/>
            <attachments/>
            <failure>
                <message>Step "I click accept button" is not defined. You can ignore this error by setting cucumberOpts.ignoreUndefinedDefinitions as true.</message>
                <stack-trace>Step "I click accept button" is not defined. You can ignore this error by setting cucumberOpts.ignoreUndefinedDefinitions as true.
                	at Feature(/Users/s7988c/Desktop/temp/features/campaign.functional.feature):1:1
                	at Scenario(Accept cookies):12:1
                	at Step(I click accept button):13:5
                </stack-trace>
            </failure>
        </test-case>
        <test-case start='1665695792109' status='failed' stop='1665695792110'>
            <name>Then I expect cookie popup is not displayed</name>
            <title>Then I expect cookie popup is not displayed</title>
            <labels>
                <label name='language' value='javascript'/>
                <label name='framework' value='wdio'/>
                <label name='thread' value='0-0'/>
            </labels>
            <parameters>
                <parameter kind='argument' name='browser' value='chrome-106.0.5249.119'/>
            </parameters>
            <steps/>
            <attachments/>
            <failure>
                <message>Step "I expect cookie popup is not displayed" is not defined. You can ignore this error by setting cucumberOpts.ignoreUndefinedDefinitions as true.</message>
                <stack-trace>Step "I expect cookie popup is not displayed" is not defined. You can ignore this error by setting cucumberOpts.ignoreUndefinedDefinitions as true.
                	at Feature(/Users/s7988c/Desktop/temp/features/campaign.functional.feature):1:1
                	at Scenario(Accept cookies):12:1
                	at Step(I expect cookie popup is not displayed):14:5
                </stack-trace>
            </failure>
        </test-case>
        <test-case start='1665695792110' status='passed' stop='1665695792114'>
            <name></name>
            <title></title>
            <labels>
                <label name='language' value='javascript'/>
                <label name='framework' value='wdio'/>
                <label name='thread' value='0-0'/>
            </labels>
            <parameters>
                <parameter kind='argument' name='browser' value='chrome-106.0.5249.119'/>
            </parameters>
            <steps/>
            <attachments/>
        </test-case>
    </test-cases>
</ns2:test-suite>