<?xml version='1.0'?>
<ns2:test-suite xmlns:ns2='urn:model.allure.qatools.yandex.ru' start='1665695939691' stop='1665695939693'>
    <name>Performing Navigations on volvo campaign: Open the car model page from header menu</name>
    <title>Performing Navigations on volvo campaign: Open the car model page from header menu</title>
    <test-cases>
        <test-case start='1665695939691' status='passed' stop='1665695939692'>
            <name></name>
            <title></title>
            <labels>
                <label name='language' value='javascript'/>
                <label name='framework' value='wdio'/>
                <label name='thread' value='0-0'/>
            </labels>
            <parameters>
                <parameter kind='argument' name='browser' value='chrome-106.0.5249.119'/>
            </parameters>
            <steps/>
            <attachments/>
        </test-case>
        <test-case start='1665695939692' status='broken' stop='1665695939692'>
            <name>Given I open the Campaign page</name>
            <title>Given I open the Campaign page</title>
            <labels>
                <label name='language' value='javascript'/>
                <label name='framework' value='wdio'/>
                <label name='thread' value='0-0'/>
            </labels>
            <parameters>
                <parameter kind='argument' name='browser' value='chrome-106.0.5249.119'/>
            </parameters>
            <steps/>
            <attachments/>
            <failure>
                <message>Step "I open the Campaign page" is not defined. You can ignore this error by setting cucumberOpts.ignoreUndefinedDefinitions as true.</message>
                <stack-trace>Step "I open the Campaign page" is not defined. You can ignore this error by setting cucumberOpts.ignoreUndefinedDefinitions as true.
                	at Feature(/Users/s7988c/Desktop/temp/features/campaign.functional.feature):1:1
                	at Scenario(Open the car model page from header menu):16:1
                </stack-trace>
            </failure>
        </test-case>
        <test-case start='1665695939692' status='broken' stop='1665695939693'>
            <name>When I clicked Our Cars from hearder</name>
            <title>When I clicked Our Cars from hearder</title>
            <labels>
                <label name='language' value='javascript'/>
                <label name='framework' value='wdio'/>
                <label name='thread' value='0-0'/>
            </labels>
            <parameters>
                <parameter kind='argument' name='browser' value='chrome-106.0.5249.119'/>
            </parameters>
            <steps/>
            <attachments/>
            <failure>
                <message>Step "I clicked Our Cars from hearder" is not defined. You can ignore this error by setting cucumberOpts.ignoreUndefinedDefinitions as true.</message>
                <stack-trace>Step "I clicked Our Cars from hearder" is not defined. You can ignore this error by setting cucumberOpts.ignoreUndefinedDefinitions as true.
                	at Feature(/Users/s7988c/Desktop/temp/features/campaign.functional.feature):1:1
                	at Scenario(Open the car model page from header menu):16:1
                	at Step(I clicked Our Cars from hearder):17:5
                </stack-trace>
            </failure>
        </test-case>
        <test-case start='1665695939693' status='failed' stop='1665695939693'>
            <name>Then I expect the Model items is displayed</name>
            <title>Then I expect the Model items is displayed</title>
            <labels>
                <label name='language' value='javascript'/>
                <label name='framework' value='wdio'/>
                <label name='thread' value='0-0'/>
            </labels>
            <parameters>
                <parameter kind='argument' name='browser' value='chrome-106.0.5249.119'/>
            </parameters>
            <steps/>
            <attachments/>
            <failure>
                <message>Step "I expect the Model items is displayed" is not defined. You can ignore this error by setting cucumberOpts.ignoreUndefinedDefinitions as true.</message>
                <stack-trace>Step "I expect the Model items is displayed" is not defined. You can ignore this error by setting cucumberOpts.ignoreUndefinedDefinitions as true.
                	at Feature(/Users/s7988c/Desktop/temp/features/campaign.functional.feature):1:1
                	at Scenario(Open the car model page from header menu):16:1
                	at Step(I expect the Model items is displayed):18:5
                </stack-trace>
            </failure>
        </test-case>
        <test-case start='1665695939693' status='passed' stop='1665695939693'>
            <name></name>
            <title></title>
            <labels>
                <label name='language' value='javascript'/>
                <label name='framework' value='wdio'/>
                <label name='thread' value='0-0'/>
            </labels>
            <parameters>
                <parameter kind='argument' name='browser' value='chrome-106.0.5249.119'/>
            </parameters>
            <steps/>
            <attachments/>
        </test-case>
    </test-cases>
</ns2:test-suite>